2022-09-29T07:22:16+00:00 CRITICAL Uncaught Error: Class 'Redux_Enqueue' not found in /vetschool/www/wp-content/plugins/wp-mail-logging/src/WPML_OptionsManager.php:453
Stack trace:
#0 /vetschool/www/wp-includes/class-wp-hook.php(307): No3x\WPML\WPML_OptionsManager->LogMenu('')
#1 /vetschool/www/wp-includes/class-wp-hook.php(331): WP_Hook->apply_filters('', Array)
#2 /vetschool/www/wp-includes/plugin.php(476): WP_Hook->do_action(Array)
#3 /vetschool/www/wp-admin/admin.php(259): do_action('tools_page_wpml...')
#4 {main}
  thrown(/vetschool/www/wp-content/plugins/wp-mail-logging/src/WPML_OptionsManager.php, 줄 453)

2022-09-29T07:24:05+00:00 CRITICAL Uncaught Error: Class 'Redux_Enqueue' not found in /vetschool/www/wp-content/plugins/wp-mail-logging/src/WPML_OptionsManager.php:453
Stack trace:
#0 /vetschool/www/wp-includes/class-wp-hook.php(307): No3x\WPML\WPML_OptionsManager->LogMenu('')
#1 /vetschool/www/wp-includes/class-wp-hook.php(331): WP_Hook->apply_filters('', Array)
#2 /vetschool/www/wp-includes/plugin.php(476): WP_Hook->do_action(Array)
#3 /vetschool/www/wp-admin/admin.php(259): do_action('tools_page_wpml...')
#4 {main}
  thrown(/vetschool/www/wp-content/plugins/wp-mail-logging/src/WPML_OptionsManager.php, 줄 453)

2022-09-29T08:42:03+00:00 CRITICAL Uncaught Error: Class 'Redux_Enqueue' not found in /vetschool/www/wp-content/plugins/wp-mail-logging/src/WPML_OptionsManager.php:453
Stack trace:
#0 /vetschool/www/wp-includes/class-wp-hook.php(307): No3x\WPML\WPML_OptionsManager->LogMenu('')
#1 /vetschool/www/wp-includes/class-wp-hook.php(331): WP_Hook->apply_filters('', Array)
#2 /vetschool/www/wp-includes/plugin.php(476): WP_Hook->do_action(Array)
#3 /vetschool/www/wp-admin/admin.php(259): do_action('tools_page_wpml...')
#4 {main}
  thrown(/vetschool/www/wp-content/plugins/wp-mail-logging/src/WPML_OptionsManager.php, 줄 453)

